The system is: Linux - 5.12.7-300.fc34.x86_64 - x86_64
Compiling the C compiler identification source file "CMakeCCompilerId.c" succeeded.
Compiler: /usr/lib64/ccache/clang 
Build flags: 
Id flags:  

The output was:
0


Compilation of the C compiler identification source "CMakeCCompilerId.c" produced "a.out"

The C compiler identification is Clang, found in "/home/rhys/scripts/c/Terminal_App_Launcher/build/CMakeFiles/3.19.7/CompilerIdC/a.out"

Detecting C compiler ABI info compiled with the following output:
Change Dir: /home/rhys/scripts/c/Terminal_App_Launcher/build/CMakeFiles/CMakeTmp

Run Build Command(s):/usr/bin/gmake cmTC_ffad2/fast && /usr/bin/gmake  -f CMakeFiles/cmTC_ffad2.dir/build.make CMakeFiles/cmTC_ffad2.dir/build
gmake[1]: Entering directory '/mnt/files/scripts/c/Terminal_App_Launcher/build/CMakeFiles/CMakeTmp'
Building C object CMakeFiles/cmTC_ffad2.dir/CMakeCCompilerABI.c.o
/usr/lib64/ccache/clang   -v -o CMakeFiles/cmTC_ffad2.dir/CMakeCCompilerABI.c.o -c /usr/share/cmake/Modules/CMakeCCompilerABI.c
clang version 12.0.0 (Fedora 12.0.0-0.3.rc1.fc34)
Target: x86_64-unknown-linux-gnu
Thread model: posix
InstalledDir: /usr/bin
Found candidate GCC installation: /usr/bin/../lib/gcc/x86_64-redhat-linux/11
Found candidate GCC installation: /usr/lib/gcc/x86_64-redhat-linux/11
Selected GCC installation: /usr/lib/gcc/x86_64-redhat-linux/11
Candidate multilib: .;@m64
Candidate multilib: 32;@m32
Selected multilib: .;@m64
 (in-process)
 "/usr/bin/clang-12" -cc1 -triple x86_64-unknown-linux-gnu -emit-obj -mrelax-all --mrelax-relocations -disable-free -disable-llvm-verifier -discard-value-names -main-file-name CMakeCCompilerABI.c -mrelocation-model static -mframe-pointer=all -fmath-errno -fno-rounding-math -mconstructor-aliases -munwind-tables -target-cpu x86-64 -tune-cpu generic -fno-split-dwarf-inlining -debugger-tuning=gdb -v -resource-dir /usr/lib64/clang/12.0.0 -internal-isystem /usr/local/include -internal-isystem /usr/lib64/clang/12.0.0/include -internal-externc-isystem /include -internal-externc-isystem /usr/include -fdebug-compilation-dir /mnt/files/scripts/c/Terminal_App_Launcher/build/CMakeFiles/CMakeTmp -ferror-limit 19 -fgnuc-version=4.2.1 -fcolor-diagnostics -faddrsig -o CMakeFiles/cmTC_b1a22.dir/CMakeCCompilerABI.c.o -x c /usr/share/cmake/Modules/CMakeCCompilerABI.c
clang -cc1 version 12.0.0 based upon LLVM 12.0.0 default target x86_64-unknown-linux-gnu
ignoring nonexistent directory "/include"
#include "..." search starts here:
#include <...> search starts here:
 /usr/local/include
 /usr/lib64/clang/12.0.0/include
 /usr/include
End of search list.
Linking C executable cmTC_ffad2
/usr/bin/cmake -E cmake_link_script CMakeFiles/cmTC_ffad2.dir/link.txt --verbose=1
/usr/lib64/ccache/clang  -v CMakeFiles/cmTC_ffad2.dir/CMakeCCompilerABI.c.o -o cmTC_ffad2 
clang version 12.0.0 (Fedora 12.0.0-0.3.rc1.fc34)
Target: x86_64-unknown-linux-gnu
Thread model: posix
InstalledDir: /usr/bin
Found candidate GCC installation: /usr/bin/../lib/gcc/x86_64-redhat-linux/11
Found candidate GCC installation: /usr/lib/gcc/x86_64-redhat-linux/11
Selected GCC installation: /usr/lib/gcc/x86_64-redhat-linux/11
Candidate multilib: .;@m64
Candidate multilib: 32;@m32
Selected multilib: .;@m64
 "/usr/bin/ld" --hash-style=gnu --build-id --eh-frame-hdr -m elf_x86_64 -dynamic-linker /lib64/ld-linux-x86-64.so.2 -o cmTC_ffad2 /usr/lib/gcc/x86_64-redhat-linux/11/../../../../lib64/crt1.o /usr/lib/gcc/x86_64-redhat-linux/11/../../../../lib64/crti.o /usr/lib/gcc/x86_64-redhat-linux/11/crtbegin.o -L/usr/lib/gcc/x86_64-redhat-linux/11 -L/usr/lib/gcc/x86_64-redhat-linux/11/../../../../lib64 -L/usr/bin/../lib64 -L/lib/../lib64 -L/usr/lib/../lib64 -L/usr/lib/gcc/x86_64-redhat-linux/11/../../.. -L/usr/bin/../lib -L/lib -L/usr/lib CMakeFiles/cmTC_ffad2.dir/CMakeCCompilerABI.c.o -lgcc --as-needed -lgcc_s --no-as-needed -lc -lgcc --as-needed -lgcc_s --no-as-needed /usr/lib/gcc/x86_64-redhat-linux/11/crtend.o /usr/lib/gcc/x86_64-redhat-linux/11/../../../../lib64/crtn.o
gmake[1]: Leaving directory '/mnt/files/scripts/c/Terminal_App_Launcher/build/CMakeFiles/CMakeTmp'



Parsed C implicit include dir info from above output: rv=done
  found start of include info
  found start of implicit include info
    add: [/usr/local/include]
    add: [/usr/lib64/clang/12.0.0/include]
    add: [/usr/include]
  end of search list found
  collapse include dir [/usr/local/include] ==> [/usr/local/include]
  collapse include dir [/usr/lib64/clang/12.0.0/include] ==> [/usr/lib64/clang/12.0.0/include]
  collapse include dir [/usr/include] ==> [/usr/include]
  implicit include dirs: [/usr/local/include;/usr/lib64/clang/12.0.0/include;/usr/include]


Parsed C implicit link information from above output:
  link line regex: [^( *|.*[/\])(ld|CMAKE_LINK_STARTFILE-NOTFOUND|([^/\]+-)?ld|collect2)[^/\]*( |$)]
  ignore line: [Change Dir: /home/rhys/scripts/c/Terminal_App_Launcher/build/CMakeFiles/CMakeTmp]
  ignore line: []
  ignore line: [Run Build Command(s):/usr/bin/gmake cmTC_ffad2/fast && /usr/bin/gmake  -f CMakeFiles/cmTC_ffad2.dir/build.make CMakeFiles/cmTC_ffad2.dir/build]
  ignore line: [gmake[1]: Entering directory '/mnt/files/scripts/c/Terminal_App_Launcher/build/CMakeFiles/CMakeTmp']
  ignore line: [Building C object CMakeFiles/cmTC_ffad2.dir/CMakeCCompilerABI.c.o]
  ignore line: [/usr/lib64/ccache/clang   -v -o CMakeFiles/cmTC_ffad2.dir/CMakeCCompilerABI.c.o -c /usr/share/cmake/Modules/CMakeCCompilerABI.c]
  ignore line: [clang version 12.0.0 (Fedora 12.0.0-0.3.rc1.fc34)]
  ignore line: [Target: x86_64-unknown-linux-gnu]
  ignore line: [Thread model: posix]
  ignore line: [InstalledDir: /usr/bin]
  ignore line: [Found candidate GCC installation: /usr/bin/../lib/gcc/x86_64-redhat-linux/11]
  ignore line: [Found candidate GCC installation: /usr/lib/gcc/x86_64-redhat-linux/11]
  ignore line: [Selected GCC installation: /usr/lib/gcc/x86_64-redhat-linux/11]
  ignore line: [Candidate multilib: .]
  ignore line: [@m64]
  ignore line: [Candidate multilib: 32]
  ignore line: [@m32]
  ignore line: [Selected multilib: .]
  ignore line: [@m64]
  ignore line: [ (in-process)]
  ignore line: [ "/usr/bin/clang-12" -cc1 -triple x86_64-unknown-linux-gnu -emit-obj -mrelax-all --mrelax-relocations -disable-free -disable-llvm-verifier -discard-value-names -main-file-name CMakeCCompilerABI.c -mrelocation-model static -mframe-pointer=all -fmath-errno -fno-rounding-math -mconstructor-aliases -munwind-tables -target-cpu x86-64 -tune-cpu generic -fno-split-dwarf-inlining -debugger-tuning=gdb -v -resource-dir /usr/lib64/clang/12.0.0 -internal-isystem /usr/local/include -internal-isystem /usr/lib64/clang/12.0.0/include -internal-externc-isystem /include -internal-externc-isystem /usr/include -fdebug-compilation-dir /mnt/files/scripts/c/Terminal_App_Launcher/build/CMakeFiles/CMakeTmp -ferror-limit 19 -fgnuc-version=4.2.1 -fcolor-diagnostics -faddrsig -o CMakeFiles/cmTC_b1a22.dir/CMakeCCompilerABI.c.o -x c /usr/share/cmake/Modules/CMakeCCompilerABI.c]
  ignore line: [clang -cc1 version 12.0.0 based upon LLVM 12.0.0 default target x86_64-unknown-linux-gnu]
  ignore line: [ignoring nonexistent directory "/include"]
  ignore line: [#include "..." search starts here:]
  ignore line: [#include <...> search starts here:]
  ignore line: [ /usr/local/include]
  ignore line: [ /usr/lib64/clang/12.0.0/include]
  ignore line: [ /usr/include]
  ignore line: [End of search list.]
  ignore line: [Linking C executable cmTC_ffad2]
  ignore line: [/usr/bin/cmake -E cmake_link_script CMakeFiles/cmTC_ffad2.dir/link.txt --verbose=1]
  ignore line: [/usr/lib64/ccache/clang  -v CMakeFiles/cmTC_ffad2.dir/CMakeCCompilerABI.c.o -o cmTC_ffad2 ]
  ignore line: [clang version 12.0.0 (Fedora 12.0.0-0.3.rc1.fc34)]
  ignore line: [Target: x86_64-unknown-linux-gnu]
  ignore line: [Thread model: posix]
  ignore line: [InstalledDir: /usr/bin]
  ignore line: [Found candidate GCC installation: /usr/bin/../lib/gcc/x86_64-redhat-linux/11]
  ignore line: [Found candidate GCC installation: /usr/lib/gcc/x86_64-redhat-linux/11]
  ignore line: [Selected GCC installation: /usr/lib/gcc/x86_64-redhat-linux/11]
  ignore line: [Candidate multilib: .]
  ignore line: [@m64]
  ignore line: [Candidate multilib: 32]
  ignore line: [@m32]
  ignore line: [Selected multilib: .]
  ignore line: [@m64]
  link line: [ "/usr/bin/ld" --hash-style=gnu --build-id --eh-frame-hdr -m elf_x86_64 -dynamic-linker /lib64/ld-linux-x86-64.so.2 -o cmTC_ffad2 /usr/lib/gcc/x86_64-redhat-linux/11/../../../../lib64/crt1.o /usr/lib/gcc/x86_64-redhat-linux/11/../../../../lib64/crti.o /usr/lib/gcc/x86_64-redhat-linux/11/crtbegin.o -L/usr/lib/gcc/x86_64-redhat-linux/11 -L/usr/lib/gcc/x86_64-redhat-linux/11/../../../../lib64 -L/usr/bin/../lib64 -L/lib/../lib64 -L/usr/lib/../lib64 -L/usr/lib/gcc/x86_64-redhat-linux/11/../../.. -L/usr/bin/../lib -L/lib -L/usr/lib CMakeFiles/cmTC_ffad2.dir/CMakeCCompilerABI.c.o -lgcc --as-needed -lgcc_s --no-as-needed -lc -lgcc --as-needed -lgcc_s --no-as-needed /usr/lib/gcc/x86_64-redhat-linux/11/crtend.o /usr/lib/gcc/x86_64-redhat-linux/11/../../../../lib64/crtn.o]
    arg [/usr/bin/ld] ==> ignore
    arg [--hash-style=gnu] ==> ignore
    arg [--build-id] ==> ignore
    arg [--eh-frame-hdr] ==> ignore
    arg [-m] ==> ignore
    arg [elf_x86_64] ==> ignore
    arg [-dynamic-linker] ==> ignore
    arg [/lib64/ld-linux-x86-64.so.2] ==> ignore
    arg [-o] ==> ignore
    arg [cmTC_ffad2] ==> ignore
    arg [/usr/lib/gcc/x86_64-redhat-linux/11/../../../../lib64/crt1.o] ==> ignore
    arg [/usr/lib/gcc/x86_64-redhat-linux/11/../../../../lib64/crti.o] ==> ignore
    arg [/usr/lib/gcc/x86_64-redhat-linux/11/crtbegin.o] ==> ignore
    arg [-L/usr/lib/gcc/x86_64-redhat-linux/11] ==> dir [/usr/lib/gcc/x86_64-redhat-linux/11]
    arg [-L/usr/lib/gcc/x86_64-redhat-linux/11/../../../../lib64] ==> dir [/usr/lib/gcc/x86_64-redhat-linux/11/../../../../lib64]
    arg [-L/usr/bin/../lib64] ==> dir [/usr/bin/../lib64]
    arg [-L/lib/../lib64] ==> dir [/lib/../lib64]
    arg [-L/usr/lib/../lib64] ==> dir [/usr/lib/../lib64]
    arg [-L/usr/lib/gcc/x86_64-redhat-linux/11/../../..] ==> dir [/usr/lib/gcc/x86_64-redhat-linux/11/../../..]
    arg [-L/usr/bin/../lib] ==> dir [/usr/bin/../lib]
    arg [-L/lib] ==> dir [/lib]
    arg [-L/usr/lib] ==> dir [/usr/lib]
    arg [CMakeFiles/cmTC_ffad2.dir/CMakeCCompilerABI.c.o] ==> ignore
    arg [-lgcc] ==> lib [gcc]
    arg [--as-needed] ==> ignore
    arg [-lgcc_s] ==> lib [gcc_s]
    arg [--no-as-needed] ==> ignore
    arg [-lc] ==> lib [c]
    arg [-lgcc] ==> lib [gcc]
    arg [--as-needed] ==> ignore
    arg [-lgcc_s] ==> lib [gcc_s]
    arg [--no-as-needed] ==> ignore
    arg [/usr/lib/gcc/x86_64-redhat-linux/11/crtend.o] ==> ignore
    arg [/usr/lib/gcc/x86_64-redhat-linux/11/../../../../lib64/crtn.o] ==> ignore
  collapse library dir [/usr/lib/gcc/x86_64-redhat-linux/11] ==> [/usr/lib/gcc/x86_64-redhat-linux/11]
  collapse library dir [/usr/lib/gcc/x86_64-redhat-linux/11/../../../../lib64] ==> [/usr/lib64]
  collapse library dir [/usr/bin/../lib64] ==> [/usr/lib64]
  collapse library dir [/lib/../lib64] ==> [/lib64]
  collapse library dir [/usr/lib/../lib64] ==> [/usr/lib64]
  collapse library dir [/usr/lib/gcc/x86_64-redhat-linux/11/../../..] ==> [/usr/lib]
  collapse library dir [/usr/bin/../lib] ==> [/usr/lib]
  collapse library dir [/lib] ==> [/lib]
  collapse library dir [/usr/lib] ==> [/usr/lib]
  implicit libs: [gcc;gcc_s;c;gcc;gcc_s]
  implicit dirs: [/usr/lib/gcc/x86_64-redhat-linux/11;/usr/lib64;/lib64;/usr/lib;/lib]
  implicit fwks: []


